#
# A fatal error has been detected by the Java Runtime Environment:
#
#  EXCEPTION_ACCESS_VIOLATION (0xc0000005) at pc=0x70770f3b, pid=7400, tid=2380
#
# JRE version: 7.0_05-b05
# Java VM: Java HotSpot(TM) Client VM (23.1-b03 mixed mode windows-x86 )
# Problematic frame:
# V  [jvm.dll+0xc0f3b]
#
# Failed to write core dump. Minidumps are not enabled by default on client versions of Windows
#
# If you would like to submit a bug report, please visit:
#   http://bugreport.sun.com/bugreport/crash.jsp
#

---------------  T H R E A D  ---------------

Current thread (0x18c08800):  JavaThread "JDWP Transport Listener: dt_socket" daemon [_thread_in_vm, id=2380, stack(0x19290000,0x192e0000)]

siginfo: ExceptionCode=0xc0000005, reading address 0x003b6e6f

Registers:
EAX=0x003b6e6f, EBX=0x00000000, ECX=0x003b6e6f, EDX=0x00000000
ESP=0x192df19c, EBP=0x192df1a0, ESI=0x18c08800, EDI=0x029372a0
EIP=0x70770f3b, EFLAGS=0x00010206

Top of Stack: (sp=0x192df19c)
0x192df19c:   18c08800 192df1cc 708948ba 003b6e6f
0x192df1ac:   192df284 192df207 18c08800 00000000
0x192df1bc:   00000000 00000000 18c08800 18c08800
0x192df1cc:   192df208 6ffa9d5c 029372a0 003b6e6f
0x192df1dc:   192df207 003b6e6f 6ff9436d 003b6e6f
0x192df1ec:   192df207 00000010 00000000 00000000
0x192df1fc:   0000000a 00000000 00c0abe0 192df228
0x192df20c:   6ff944e0 00000001 192df244 192df280 

Instructions: (pc=0x70770f3b)
0x70770f1b:   0c 5f 5e 5d c2 0c 00 cc cc cc cc cc cc cc cc cc
0x70770f2b:   cc cc cc cc cc 55 8b ec 8b 45 08 56 85 c0 74 28
0x70770f3b:   8b 30 85 f6 74 22 81 fe fe fe fe fe 74 1a 8b 4e
0x70770f4b:   04 8b 41 08 8b 90 90 00 00 00 83 c1 08 ff d2 84 


Register to memory mapping:

EAX=0x003b6e6f is an unknown value
EBX=0x00000000 is an unknown value
ECX=0x003b6e6f is an unknown value
EDX=0x00000000 is an unknown value
ESP=0x192df19c is pointing into the stack for thread: 0x18c08800
EBP=0x192df1a0 is pointing into the stack for thread: 0x18c08800
ESI=0x18c08800 is a thread
EDI=0x029372a0 is an unknown value


Stack: [0x19290000,0x192e0000],  sp=0x192df19c,  free space=316k
Native frames: (J=compiled Java code, j=interpreted, Vv=VM code, C=native code)
V  [jvm.dll+0xc0f3b]
V  [jvm.dll+0x1e48ba]
C  [jdwp.dll+0x19d5c]  Agent_OnLoad+0xe9ef
C  [jdwp.dll+0x44e0]
C  [jdwp.dll+0x451e]


---------------  P R O C E S S  ---------------

Java Threads: ( => current thread )
  0x196c3400 JavaThread "MySQL Statement Cancellation Timer" daemon [_thread_blocked, id=5404, stack(0x19200000,0x19250000)]
  0x18c1fc00 JavaThread "Service Thread" daemon [_thread_blocked, id=8412, stack(0x194e0000,0x19530000)]
  0x18c1b400 JavaThread "C1 CompilerThread0" daemon [_thread_blocked, id=8328, stack(0x19450000,0x194a0000)]
  0x18c14c00 JavaThread "JDWP Command Reader" daemon [_thread_in_native, id=4272, stack(0x193c0000,0x19410000)]
  0x18c0a000 JavaThread "JDWP Event Helper Thread" daemon [_thread_blocked, id=6108, stack(0x19370000,0x193c0000)]
=>0x18c08800 JavaThread "JDWP Transport Listener: dt_socket" daemon [_thread_in_vm, id=2380, stack(0x19290000,0x192e0000)]
  0x18bfdc00 JavaThread "Attach Listener" daemon [_thread_blocked, id=7872, stack(0x18e90000,0x18ee0000)]
  0x18bfb800 JavaThread "Signal Dispatcher" daemon [_thread_blocked, id=4596, stack(0x18e00000,0x18e50000)]
  0x02863c00 JavaThread "Finalizer" daemon [_thread_blocked, id=9792, stack(0x18b70000,0x18bc0000)]
  0x0285f000 JavaThread "Reference Handler" daemon [_thread_blocked, id=880, stack(0x18ae0000,0x18b30000)]
  0x0293c000 JavaThread "main" [_thread_blocked, id=7784, stack(0x00e20000,0x00e70000)]

Other Threads:
  0x02858400 VMThread [stack: 0x18a50000,0x18aa0000] [id=3616]
  0x18c28800 WatcherThread [stack: 0x19570000,0x195c0000] [id=10492]

VM state:not at safepoint (normal execution)

VM Mutex/Monitor currently owned by a thread: None

Heap
 def new generation   total 4928K, used 2600K [0x04940000, 0x04e90000, 0x09e90000)
  eden space 4416K,  47% used [0x04940000, 0x04b4a028, 0x04d90000)
  from space 512K,  99% used [0x04e10000, 0x04e8fff8, 0x04e90000)
  to   space 512K,   0% used [0x04d90000, 0x04d90000, 0x04e10000)
 tenured generation   total 10944K, used 4298K [0x09e90000, 0x0a940000, 0x14940000)
   the space 10944K,  39% used [0x09e90000, 0x0a2c2ac8, 0x0a2c2c00, 0x0a940000)
 compacting perm gen  total 12288K, used 7815K [0x14940000, 0x15540000, 0x18940000)
   the space 12288K,  63% used [0x14940000, 0x150e1dd8, 0x150e1e00, 0x15540000)
No shared spaces configured.

Code Cache  [0x02940000, 0x02a58000, 0x04940000)
 total_blobs=433 nmethods=276 adapters=101 free_code_cache=31674Kb largest_free_block=32434048

Compilation events (10 events):
Event: 221.296 Thread 0x18c1b400  279  s          sun.misc.Resource::cachedInputStream (20 bytes)
Event: 221.297 Thread 0x18c1b400 nmethod 279 0x02a4ee88 code [0x02a4ef90, 0x02a4f18c]
Event: 221.309 Thread 0x18c1b400  280  s          java.util.Hashtable::get (69 bytes)
Event: 221.310 Thread 0x18c1b400 nmethod 280 0x02a4f208 code [0x02a4f330, 0x02a4f618]
Event: 221.312 Thread 0x18c1b400  281  s!         java.net.URLStreamHandler::getHostAddress (54 bytes)
Event: 221.313 Thread 0x18c1b400 nmethod 281 0x02a4f808 code [0x02a4f940, 0x02a4fd18]
Event: 248.562 Thread 0x18c1b400  282             com.mysql.jdbc.MysqlIO::readFully (99 bytes)
Event: 248.562 Thread 0x18c1b400 nmethod 282 0x02a50188 code [0x02a502f0, 0x02a506dc]
Event: 248.583 Thread 0x18c1b400  283             java.lang.String$CaseInsensitiveComparator::compare (111 bytes)
Event: 248.583 Thread 0x18c1b400 nmethod 283 0x02a50c48 code [0x02a50e00, 0x02a51198]

GC Heap History (10 events):
Event: 212.857 GC heap before
{Heap before GC invocations=0 (full 0):
 def new generation   total 4928K, used 4416K [0x04940000, 0x04e90000, 0x09e90000)
  eden space 4416K, 100% used [0x04940000, 0x04d90000, 0x04d90000)
  from space 512K,   0% used [0x04d90000, 0x04d90000, 0x04e10000)
  to   space 512K,   0% used [0x04e10000, 0x04e10000, 0x04e90000)
 tenured generation   total 10944K, used 0K [0x09e90000, 0x0a940000, 0x14940000)
   the space 10944K,   0% used [0x09e90000, 0x09e90000, 0x09e90200, 0x0a940000)
 compacting perm gen  total 12288K, used 2483K [0x14940000, 0x15540000, 0x18940000)
   the space 12288K,  20% used [0x14940000, 0x14bacc30, 0x14bace00, 0x15540000)
No shared spaces configured.
Event: 212.861 GC heap after
Heap after GC invocations=1 (full 0):
 def new generation   total 4928K, used 512K [0x04940000, 0x04e90000, 0x09e90000)
  eden space 4416K,   0% used [0x04940000, 0x04940000, 0x04d90000)
  from space 512K, 100% used [0x04e10000, 0x04e90000, 0x04e90000)
  to   space 512K,   0% used [0x04d90000, 0x04d90000, 0x04e10000)
 tenured generation   total 10944K, used 580K [0x09e90000, 0x0a940000, 0x14940000)
   the space 10944K,   5% used [0x09e90000, 0x09f21380, 0x09f21400, 0x0a940000)
 compacting perm gen  total 12288K, used 2483K [0x14940000, 0x15540000, 0x18940000)
   the space 12288K,  20% used [0x14940000, 0x14bacc30, 0x14bace00, 0x15540000)
No shared spaces configured.
}
Event: 213.338 GC heap before
{Heap before GC invocations=1 (full 0):
 def new generation   total 4928K, used 4928K [0x04940000, 0x04e90000, 0x09e90000)
  eden space 4416K, 100% used [0x04940000, 0x04d90000, 0x04d90000)
  from space 512K, 100% used [0x04e10000, 0x04e90000, 0x04e90000)
  to   space 512K,   0% used [0x04d90000, 0x04d90000, 0x04e10000)
 tenured generation   total 10944K, used 580K [0x09e90000, 0x0a940000, 0x14940000)
   the space 10944K,   5% used [0x09e90000, 0x09f21380, 0x09f21400, 0x0a940000)
 compacting perm gen  total 12288K, used 3991K [0x14940000, 0x15540000, 0x18940000)
   the space 12288K,  32% used [0x14940000, 0x14d25fa8, 0x14d26000, 0x15540000)
No shared spaces configured.
Event: 213.344 GC heap after
Heap after GC invocations=2 (full 0):
 def new generation   total 4928K, used 512K [0x04940000, 0x04e90000, 0x09e90000)
  eden space 4416K,   0% used [0x04940000, 0x04940000, 0x04d90000)
  from space 512K, 100% used [0x04d90000, 0x04e10000, 0x04e10000)
  to   space 512K,   0% used [0x04e10000, 0x04e10000, 0x04e90000)
 tenured generation   total 10944K, used 1596K [0x09e90000, 0x0a940000, 0x14940000)
   the space 10944K,  14% used [0x09e90000, 0x0a01f178, 0x0a01f200, 0x0a940000)
 compacting perm gen  total 12288K, used 3991K [0x14940000, 0x15540000, 0x18940000)
   the space 12288K,  32% used [0x14940000, 0x14d25fa8, 0x14d26000, 0x15540000)
No shared spaces configured.
}
Event: 213.869 GC heap before
{Heap before GC invocations=2 (full 0):
 def new generation   total 4928K, used 4907K [0x04940000, 0x04e90000, 0x09e90000)
  eden space 4416K,  99% used [0x04940000, 0x04d8af98, 0x04d90000)
  from space 512K, 100% used [0x04d90000, 0x04e10000, 0x04e10000)
  to   space 512K,   0% used [0x04e10000, 0x04e10000, 0x04e90000)
 tenured generation   total 10944K, used 1596K [0x09e90000, 0x0a940000, 0x14940000)
   the space 10944K,  14% used [0x09e90000, 0x0a01f178, 0x0a01f200, 0x0a940000)
 compacting perm gen  total 12288K, used 5798K [0x14940000, 0x15540000, 0x18940000)
   the space 12288K,  47% used [0x14940000, 0x14ee9bb8, 0x14ee9c00, 0x15540000)
No shared spaces configured.
Event: 213.877 GC heap after
Heap after GC invocations=3 (full 0):
 def new generation   total 4928K, used 512K [0x04940000, 0x04e90000, 0x09e90000)
  eden space 4416K,   0% used [0x04940000, 0x04940000, 0x04d90000)
  from space 512K, 100% used [0x04e10000, 0x04e90000, 0x04e90000)
  to   space 512K,   0% used [0x04d90000, 0x04d90000, 0x04e10000)
 tenured generation   total 10944K, used 2732K [0x09e90000, 0x0a940000, 0x14940000)
   the space 10944K,  24% used [0x09e90000, 0x0a13b3a8, 0x0a13b400, 0x0a940000)
 compacting perm gen  total 12288K, used 5798K [0x14940000, 0x15540000, 0x18940000)
   the space 12288K,  47% used [0x14940000, 0x14ee9bb8, 0x14ee9c00, 0x15540000)
No shared spaces configured.
}
Event: 214.258 GC heap before
{Heap before GC invocations=3 (full 0):
 def new generation   total 4928K, used 4928K [0x04940000, 0x04e90000, 0x09e90000)
  eden space 4416K, 100% used [0x04940000, 0x04d90000, 0x04d90000)
  from space 512K, 100% used [0x04e10000, 0x04e90000, 0x04e90000)
  to   space 512K,   0% used [0x04d90000, 0x04d90000, 0x04e10000)
 tenured generation   total 10944K, used 2732K [0x09e90000, 0x0a940000, 0x14940000)
   the space 10944K,  24% used [0x09e90000, 0x0a13b3a8, 0x0a13b400, 0x0a940000)
 compacting perm gen  total 12288K, used 6655K [0x14940000, 0x15540000, 0x18940000)
   the space 12288K,  54% used [0x14940000, 0x14fbfd28, 0x14fbfe00, 0x15540000)
No shared spaces configured.
Event: 214.265 GC heap after
Heap after GC invocations=4 (full 0):
 def new generation   total 4928K, used 511K [0x04940000, 0x04e90000, 0x09e90000)
  eden space 4416K,   0% used [0x04940000, 0x04940000, 0x04d90000)
  from space 512K,  99% used [0x04d90000, 0x04e0fff8, 0x04e10000)
  to   space 512K,   0% used [0x04e10000, 0x04e10000, 0x04e90000)
 tenured generation   total 10944K, used 3620K [0x09e90000, 0x0a940000, 0x14940000)
   the space 10944K,  33% used [0x09e90000, 0x0a2193d8, 0x0a219400, 0x0a940000)
 compacting perm gen  total 12288K, used 6655K [0x14940000, 0x15540000, 0x18940000)
   the space 12288K,  54% used [0x14940000, 0x14fbfd28, 0x14fbfe00, 0x15540000)
No shared spaces configured.
}
Event: 214.663 GC heap before
{Heap before GC invocations=4 (full 0):
 def new generation   total 4928K, used 4927K [0x04940000, 0x04e90000, 0x09e90000)
  eden space 4416K, 100% used [0x04940000, 0x04d90000, 0x04d90000)
  from space 512K,  99% used [0x04d90000, 0x04e0fff8, 0x04e10000)
  to   space 512K,   0% used [0x04e10000, 0x04e10000, 0x04e90000)
 tenured generation   total 10944K, used 3620K [0x09e90000, 0x0a940000, 0x14940000)
   the space 10944K,  33% used [0x09e90000, 0x0a2193d8, 0x0a219400, 0x0a940000)
 compacting perm gen  total 12288K, used 7315K [0x14940000, 0x15540000, 0x18940000)
   the space 12288K,  59% used [0x14940000, 0x15064e38, 0x15065000, 0x15540000)
No shared spaces configured.
Event: 214.668 GC heap after
Heap after GC invocations=5 (full 0):
 def new generation   total 4928K, used 511K [0x04940000, 0x04e90000, 0x09e90000)
  eden space 4416K,   0% used [0x04940000, 0x04940000, 0x04d90000)
  from space 512K,  99% used [0x04e10000, 0x04e8fff8, 0x04e90000)
  to   space 512K,   0% used [0x04d90000, 0x04d90000, 0x04e10000)
 tenured generation   total 10944K, used 4298K [0x09e90000, 0x0a940000, 0x14940000)
   the space 10944K,  39% used [0x09e90000, 0x0a2c2ac8, 0x0a2c2c00, 0x0a940000)
 compacting perm gen  total 12288K, used 7315K [0x14940000, 0x15540000, 0x18940000)
   the space 12288K,  59% used [0x14940000, 0x15064e38, 0x15065000, 0x15540000)
No shared spaces configured.
}

Deoptimization events (0 events):
No events

Internal exceptions (10 events):
Event: 248.574 Thread 0x0293c000 Threw 0x04af9cd0 at C:\jdk7u5_32P\jdk7u5\hotspot\src\share\vm\prims\jvm.cpp:1166
Event: 248.576 Thread 0x0293c000 Threw 0x04b00d80 at C:\jdk7u5_32P\jdk7u5\hotspot\src\share\vm\prims\jvm.cpp:1166
Event: 248.578 Thread 0x0293c000 Threw 0x04b0aba0 at C:\jdk7u5_32P\jdk7u5\hotspot\src\share\vm\prims\jvm.cpp:1166
Event: 248.580 Thread 0x0293c000 Threw 0x04b0f7a0 at C:\jdk7u5_32P\jdk7u5\hotspot\src\share\vm\prims\jvm.cpp:1166
Event: 248.583 Thread 0x0293c000 Threw 0x04b17ca0 at C:\jdk7u5_32P\jdk7u5\hotspot\src\share\vm\prims\jvm.cpp:1166
Event: 248.585 Thread 0x0293c000 Threw 0x04b1b9c8 at C:\jdk7u5_32P\jdk7u5\hotspot\src\share\vm\prims\jvm.cpp:1166
Event: 248.586 Thread 0x0293c000 Threw 0x04b1fb00 at C:\jdk7u5_32P\jdk7u5\hotspot\src\share\vm\prims\jvm.cpp:1166
Event: 248.588 Thread 0x0293c000 Threw 0x04b23498 at C:\jdk7u5_32P\jdk7u5\hotspot\src\share\vm\prims\jvm.cpp:1166
Event: 248.589 Thread 0x0293c000 Threw 0x04b27d38 at C:\jdk7u5_32P\jdk7u5\hotspot\src\share\vm\prims\jvm.cpp:1166
Event: 248.591 Thread 0x0293c000 Threw 0x04b2cc00 at C:\jdk7u5_32P\jdk7u5\hotspot\src\share\vm\prims\jvm.cpp:1166

Events (10 events):
Event: 1585.169 Executing VM operation: GetCurrentLocation
Event: 1585.169 Executing VM operation: GetCurrentLocation done
Event: 1585.169 Executing VM operation: EnterInterpOnlyMode
Event: 1585.169 Executing VM operation: EnterInterpOnlyMode done
Event: 1585.169 Executing VM operation: ChangeSingleStep
Event: 1585.170 Executing VM operation: ChangeSingleStep done
Event: 1585.184 Executing VM operation: ChangeSingleStep
Event: 1585.184 Executing VM operation: ChangeSingleStep done
Event: 1585.221 Executing VM operation: RedefineClasses
Event: 1585.233 Executing VM operation: RedefineClasses done


Dynamic libraries:
0x00c00000 - 0x00c2f000 	C:\Program Files (x86)\Java\jre7\bin\javaw.exe
0x77bd0000 - 0x77d27000 	C:\Windows\SYSTEM32\ntdll.dll
0x75ac0000 - 0x75bf0000 	C:\Windows\SYSTEM32\KERNEL32.DLL
0x76500000 - 0x765a7000 	C:\Windows\SYSTEM32\KERNELBASE.dll
0x75600000 - 0x756ae000 	C:\Windows\SYSTEM32\ADVAPI32.dll
0x763a0000 - 0x764b6000 	C:\Windows\SYSTEM32\USER32.dll
0x746d0000 - 0x748c8000 	C:\Windows\WinSxS\x86_microsoft.windows.common-controls_6595b64144ccf1df_6.0.9200.17359_none_8935f06086091acc\COMCTL32.dll
0x75790000 - 0x75841000 	C:\Windows\SYSTEM32\msvcrt.dll
0x76180000 - 0x761b4000 	C:\Windows\SYSTEM32\sechost.dll
0x762a0000 - 0x7634c000 	C:\Windows\SYSTEM32\RPCRT4.dll
0x759c0000 - 0x75abd000 	C:\Windows\SYSTEM32\GDI32.dll
0x751c0000 - 0x751dd000 	C:\Windows\SYSTEM32\SspiCli.dll
0x751b0000 - 0x751b9000 	C:\Windows\SYSTEM32\CRYPTBASE.dll
0x75150000 - 0x751a1000 	C:\Windows\SYSTEM32\bcryptPrimitives.dll
0x76160000 - 0x76180000 	C:\Windows\system32\IMM32.DLL
0x756b0000 - 0x7578d000 	C:\Windows\SYSTEM32\MSCTF.dll
0x69130000 - 0x691ee000 	C:\Program Files (x86)\Java\jre7\bin\msvcr100.dll
0x706b0000 - 0x709fa000 	C:\Program Files (x86)\Java\jre7\bin\client\jvm.dll
0x74a80000 - 0x74a88000 	C:\Windows\SYSTEM32\WSOCK32.dll
0x75110000 - 0x75131000 	C:\Windows\SYSTEM32\WINMM.dll
0x75fc0000 - 0x75fc6000 	C:\Windows\SYSTEM32\PSAPI.DLL
0x76350000 - 0x763a0000 	C:\Windows\SYSTEM32\WS2_32.dll
0x74a90000 - 0x74abb000 	C:\Windows\SYSTEM32\WINMMBASE.dll
0x751e0000 - 0x751e8000 	C:\Windows\SYSTEM32\NSI.dll
0x77ac0000 - 0x77b06000 	C:\Windows\SYSTEM32\cfgmgr32.dll
0x754a0000 - 0x754be000 	C:\Windows\SYSTEM32\DEVOBJ.dll
0x71410000 - 0x7141c000 	C:\Program Files (x86)\Java\jre7\bin\verify.dll
0x70690000 - 0x706b0000 	C:\Program Files (x86)\Java\jre7\bin\java.dll
0x6ff90000 - 0x6ffba000 	C:\Program Files (x86)\Java\jre7\bin\jdwp.dll
0x70100000 - 0x70107000 	C:\Program Files (x86)\Java\jre7\bin\npt.dll
0x70670000 - 0x70683000 	C:\Program Files (x86)\Java\jre7\bin\zip.dll
0x700e0000 - 0x700e8000 	C:\Program Files (x86)\Java\jre7\bin\dt_socket.dll
0x720c0000 - 0x720d0000 	C:\Windows\system32\napinsp.dll
0x720a0000 - 0x720b4000 	C:\Windows\system32\pnrpnsp.dll
0x72090000 - 0x720a0000 	C:\Windows\system32\NLAapi.dll
0x743e0000 - 0x7442a000 	C:\Windows\System32\mswsock.dll
0x722b0000 - 0x72324000 	C:\Windows\SYSTEM32\DNSAPI.dll
0x72080000 - 0x72089000 	C:\Windows\System32\winrnr.dll
0x72280000 - 0x722a1000 	C:\Program Files (x86)\Bonjour\mdnsNSP.dll
0x74ae0000 - 0x74b00000 	C:\Windows\SYSTEM32\Iphlpapi.DLL
0x748f0000 - 0x748f8000 	C:\Windows\SYSTEM32\WINNSI.DLL
0x72070000 - 0x72080000 	C:\Windows\system32\wshbth.dll
0x720d0000 - 0x7210f000 	C:\Windows\System32\fwpuclnt.dll
0x72110000 - 0x72117000 	C:\Windows\System32\rasadhlp.dll
0x70650000 - 0x70664000 	C:\Program Files (x86)\Java\jre7\bin\net.dll
0x710d0000 - 0x710df000 	C:\Program Files (x86)\Java\jre7\bin\nio.dll
0x71a50000 - 0x71b79000 	C:\Windows\SYSTEM32\dbghelp.dll

VM Arguments:
jvm_args: -agentlib:jdwp=transport=dt_socket,suspend=y,address=localhost:50638 -Dfile.encoding=Cp1252 
java_command: ad.hibenate.com.Test.UserEJBTest
Launcher Type: SUN_STANDARD

Environment Variables:
JAVA_HOME=C:\Program Files (x86)\Java\jdk1.7.0_05
PATH=C:/Program Files (x86)/Java/jre7/bin/client;C:/Program Files (x86)/Java/jre7/bin;C:/Program Files (x86)/Java/jre7/lib/i386;C:\Program Files (x86)\Intel\iCLS Client\;C:\Program Files\Intel\iCLS Client\;C:\Windows\system32;C:\Windows;C:\Windows\System32\Wbem;C:\Windows\System32\WindowsPowerShell\v1.0\;C:\Program Files (x86)\Windows Live\Shared;C:\Program Files\Intel\Intel(R) Management Engine Components\DAL;C:\Program Files\Intel\Intel(R) Management Engine Components\IPT;C:\Program Files (x86)\Intel\Intel(R) Management Engine Components\DAL;C:\Program Files (x86)\Intel\Intel(R) Management Engine Components\IPT;C:\Program Files (x86)\Intel\OpenCL SDK\3.0\bin\x86;C:\Program Files (x86)\Intel\OpenCL SDK\3.0\bin\x64;C:\Program Files (x86)\ATI Technologies\ATI.ACE\Core-Static;C:\Program Files (x86)\Intel\iCLS Client\;C:\Program Files\Intel\iCLS Client\;C:\Windows\system32;C:\Windows;C:\Windows\System32\Wbem;C:\Windows\System32\WindowsPowerShell\v1.0\;C:\Program Files (x86)\Windows Live\Shared;C:\Program Files\Intel\Intel(R) Management Engine Components\DAL;C:\Program Files\Intel\Intel(R) Management Engine Components\IPT;C:\Program Files (x86)\Intel\Intel(R) Management Engine Components\DAL;C:\Program Files (x86)\Intel\Intel(R) Management Engine Components\IPT;C:\Program Files (x86)\Intel\OpenCL SDK\3.0\bin\x86;C:\Program Files (x86)\Intel\OpenCL SDK\3.0\bin\x64;C:\Program Files (x86)\ATI Technologies\ATI.ACE\Core-Static;C:\Program Files (x86)\Java\jdk1.7.0_05\bin;C:\Users\TARUN\Desktop\eclipse_kaplar\eclipse;
USERNAME=TARUN
OS=Windows_NT
PROCESSOR_IDENTIFIER=Intel64 Family 6 Model 58 Stepping 9, GenuineIntel



---------------  S Y S T E M  ---------------

OS: Windows NT 6.2 Build 9200 

CPU:total 4 (2 cores per cpu, 2 threads per core) family 6 model 58 stepping 9, cmov, cx8, fxsr, mmx, sse, sse2, sse3, ssse3, sse4.1, sse4.2, popcnt, avx, ht, tsc, tscinvbit, tscinv

Memory: 4k page, physical 4083988k(2717624k free), swap 8278292k(5577536k free)

vm_info: Java HotSpot(TM) Client VM (23.1-b03) for windows-x86 JRE (1.7.0_05-b05), built on May 15 2012 18:11:27 by "java_re" with unknown MS VC++:1600

time: Fri Mar 11 17:41:46 2016
elapsed time: 1585 seconds

